2018-11-26 12:05:33,829 - Log4JLogChute initialized using file '/work/git-projects/PDDH/sigi_portal-web/pddh-sigi-portal/src/main/webapp/velocity.log'
2018-11-26 12:05:33,830 - Starting Apache Velocity v1.6.2 (compiled: 2009-02-19 16:29:46)
2018-11-26 12:05:33,830 - Default Properties File: org/apache/velocity/runtime/defaults/velocity.properties
2018-11-26 12:05:33,830 - Trying to use logger class org.apache.velocity.runtime.log.AvalonLogChute
2018-11-26 12:05:33,830 - Target log system for org.apache.velocity.runtime.log.AvalonLogChute is not available (java.lang.NoClassDefFoundError: org/apache/log/format/Formatter).  Falling back to next log system...
2018-11-26 12:05:33,830 - Trying to use logger class org.apache.velocity.runtime.log.Log4JLogChute
2018-11-26 12:05:33,830 - Using logger class org.apache.velocity.runtime.log.Log4JLogChute
2018-11-26 12:05:33,834 - ResourceLoader instantiated: org.apache.velocity.runtime.resource.loader.FileResourceLoader
2018-11-26 12:05:33,835 - Do unicode file recognition:  false
2018-11-26 12:05:33,835 - FileResourceLoader : adding path '/work/git-projects/PDDH/sigi_portal-web/pddh-sigi-portal/src/main/webapp'
2018-11-26 12:05:33,844 - ResourceCache: initialized (class org.apache.velocity.runtime.resource.ResourceCacheImpl) with class java.util.Collections$SynchronizedMap cache map.
2018-11-26 12:05:33,845 - Loaded System Directive: org.apache.velocity.runtime.directive.Define
2018-11-26 12:05:33,845 - Loaded System Directive: org.apache.velocity.runtime.directive.Break
2018-11-26 12:05:33,846 - Loaded System Directive: org.apache.velocity.runtime.directive.Evaluate
2018-11-26 12:05:33,846 - Loaded System Directive: org.apache.velocity.runtime.directive.Literal
2018-11-26 12:05:33,847 - Loaded System Directive: org.apache.velocity.runtime.directive.Macro
2018-11-26 12:05:33,848 - Loaded System Directive: org.apache.velocity.runtime.directive.Parse
2018-11-26 12:05:33,849 - Loaded System Directive: org.apache.velocity.runtime.directive.Include
2018-11-26 12:05:33,850 - Loaded System Directive: org.apache.velocity.runtime.directive.Foreach
2018-11-26 12:05:33,870 - Created '20' parsers.
2018-11-26 12:05:33,874 - Velocimacro : "velocimacro.library" is not set.  Trying default library: VM_global_library.vm
2018-11-26 12:05:33,874 - Velocimacro : Default library not found.
2018-11-26 12:05:33,875 - Velocimacro : allowInline = true : VMs can be defined inline in templates
2018-11-26 12:05:33,875 - Velocimacro : allowInlineToOverride = false : VMs defined inline may NOT replace previous VM definitions
2018-11-26 12:05:33,875 - Velocimacro : allowInlineLocal = false : VMs defined inline will be global in scope if allowed.
2018-11-26 12:05:33,875 - Velocimacro : autoload off : VM system will not automatically reload global library macros
2018-11-26 13:18:00,935 - Log4JLogChute initialized using file '/work/git-projects/PDDH/sigi_portal-web/pddh-sigi-portal/src/main/webapp/velocity.log'
2018-11-26 13:18:00,937 - Starting Apache Velocity v1.6.2 (compiled: 2009-02-19 16:29:46)
2018-11-26 13:18:00,937 - Default Properties File: org/apache/velocity/runtime/defaults/velocity.properties
2018-11-26 13:18:00,937 - Trying to use logger class org.apache.velocity.runtime.log.AvalonLogChute
2018-11-26 13:18:00,937 - Target log system for org.apache.velocity.runtime.log.AvalonLogChute is not available (java.lang.NoClassDefFoundError: org/apache/log/format/Formatter).  Falling back to next log system...
2018-11-26 13:18:00,937 - Trying to use logger class org.apache.velocity.runtime.log.Log4JLogChute
2018-11-26 13:18:00,937 - Using logger class org.apache.velocity.runtime.log.Log4JLogChute
2018-11-26 13:18:00,943 - ResourceLoader instantiated: org.apache.velocity.runtime.resource.loader.FileResourceLoader
2018-11-26 13:18:00,944 - Do unicode file recognition:  false
2018-11-26 13:18:00,944 - FileResourceLoader : adding path '/work/git-projects/PDDH/sigi_portal-web/pddh-sigi-portal/src/main/webapp'
2018-11-26 13:18:00,959 - ResourceCache: initialized (class org.apache.velocity.runtime.resource.ResourceCacheImpl) with class java.util.Collections$SynchronizedMap cache map.
2018-11-26 13:18:00,961 - Loaded System Directive: org.apache.velocity.runtime.directive.Define
2018-11-26 13:18:00,962 - Loaded System Directive: org.apache.velocity.runtime.directive.Break
2018-11-26 13:18:00,962 - Loaded System Directive: org.apache.velocity.runtime.directive.Evaluate
2018-11-26 13:18:00,963 - Loaded System Directive: org.apache.velocity.runtime.directive.Literal
2018-11-26 13:18:00,964 - Loaded System Directive: org.apache.velocity.runtime.directive.Macro
2018-11-26 13:18:00,965 - Loaded System Directive: org.apache.velocity.runtime.directive.Parse
2018-11-26 13:18:00,967 - Loaded System Directive: org.apache.velocity.runtime.directive.Include
2018-11-26 13:18:00,968 - Loaded System Directive: org.apache.velocity.runtime.directive.Foreach
2018-11-26 13:18:01,001 - Created '20' parsers.
2018-11-26 13:18:01,007 - Velocimacro : "velocimacro.library" is not set.  Trying default library: VM_global_library.vm
2018-11-26 13:18:01,007 - Velocimacro : Default library not found.
2018-11-26 13:18:01,008 - Velocimacro : allowInline = true : VMs can be defined inline in templates
2018-11-26 13:18:01,008 - Velocimacro : allowInlineToOverride = false : VMs defined inline may NOT replace previous VM definitions
2018-11-26 13:18:01,008 - Velocimacro : allowInlineLocal = false : VMs defined inline will be global in scope if allowed.
2018-11-26 13:18:01,008 - Velocimacro : autoload off : VM system will not automatically reload global library macros
2018-11-26 13:24:49,697 - Log4JLogChute initialized using file '/work/git-projects/PDDH/sigi_portal-web/pddh-sigi-portal/src/main/webapp/velocity.log'
2018-11-26 13:24:49,698 - Starting Apache Velocity v1.6.2 (compiled: 2009-02-19 16:29:46)
2018-11-26 13:24:49,698 - Default Properties File: org/apache/velocity/runtime/defaults/velocity.properties
2018-11-26 13:24:49,698 - Trying to use logger class org.apache.velocity.runtime.log.AvalonLogChute
2018-11-26 13:24:49,699 - Target log system for org.apache.velocity.runtime.log.AvalonLogChute is not available (java.lang.NoClassDefFoundError: org/apache/log/format/Formatter).  Falling back to next log system...
2018-11-26 13:24:49,699 - Trying to use logger class org.apache.velocity.runtime.log.Log4JLogChute
2018-11-26 13:24:49,699 - Using logger class org.apache.velocity.runtime.log.Log4JLogChute
2018-11-26 13:24:49,704 - ResourceLoader instantiated: org.apache.velocity.runtime.resource.loader.FileResourceLoader
2018-11-26 13:24:49,706 - Do unicode file recognition:  false
2018-11-26 13:24:49,706 - FileResourceLoader : adding path '/work/git-projects/PDDH/sigi_portal-web/pddh-sigi-portal/src/main/webapp'
2018-11-26 13:24:49,719 - ResourceCache: initialized (class org.apache.velocity.runtime.resource.ResourceCacheImpl) with class java.util.Collections$SynchronizedMap cache map.
2018-11-26 13:24:49,720 - Loaded System Directive: org.apache.velocity.runtime.directive.Define
2018-11-26 13:24:49,721 - Loaded System Directive: org.apache.velocity.runtime.directive.Break
2018-11-26 13:24:49,722 - Loaded System Directive: org.apache.velocity.runtime.directive.Evaluate
2018-11-26 13:24:49,722 - Loaded System Directive: org.apache.velocity.runtime.directive.Literal
2018-11-26 13:24:49,723 - Loaded System Directive: org.apache.velocity.runtime.directive.Macro
2018-11-26 13:24:49,724 - Loaded System Directive: org.apache.velocity.runtime.directive.Parse
2018-11-26 13:24:49,725 - Loaded System Directive: org.apache.velocity.runtime.directive.Include
2018-11-26 13:24:49,726 - Loaded System Directive: org.apache.velocity.runtime.directive.Foreach
2018-11-26 13:24:49,754 - Created '20' parsers.
2018-11-26 13:24:49,758 - Velocimacro : "velocimacro.library" is not set.  Trying default library: VM_global_library.vm
2018-11-26 13:24:49,758 - Velocimacro : Default library not found.
2018-11-26 13:24:49,758 - Velocimacro : allowInline = true : VMs can be defined inline in templates
2018-11-26 13:24:49,758 - Velocimacro : allowInlineToOverride = false : VMs defined inline may NOT replace previous VM definitions
2018-11-26 13:24:49,758 - Velocimacro : allowInlineLocal = false : VMs defined inline will be global in scope if allowed.
2018-11-26 13:24:49,758 - Velocimacro : autoload off : VM system will not automatically reload global library macros
2018-11-26 15:36:32,531 - Log4JLogChute initialized using file '/work/git-projects/PDDH/sigi_portal-web/pddh-sigi-portal/src/main/webapp/velocity.log'
2018-11-26 15:36:32,532 - Starting Apache Velocity v1.6.2 (compiled: 2009-02-19 16:29:46)
2018-11-26 15:36:32,532 - Default Properties File: org/apache/velocity/runtime/defaults/velocity.properties
2018-11-26 15:36:32,532 - Trying to use logger class org.apache.velocity.runtime.log.AvalonLogChute
2018-11-26 15:36:32,533 - Target log system for org.apache.velocity.runtime.log.AvalonLogChute is not available (java.lang.NoClassDefFoundError: org/apache/log/format/Formatter).  Falling back to next log system...
2018-11-26 15:36:32,533 - Trying to use logger class org.apache.velocity.runtime.log.Log4JLogChute
2018-11-26 15:36:32,533 - Using logger class org.apache.velocity.runtime.log.Log4JLogChute
2018-11-26 15:36:32,537 - ResourceLoader instantiated: org.apache.velocity.runtime.resource.loader.FileResourceLoader
2018-11-26 15:36:32,538 - Do unicode file recognition:  false
2018-11-26 15:36:32,538 - FileResourceLoader : adding path '/work/git-projects/PDDH/sigi_portal-web/pddh-sigi-portal/src/main/webapp'
2018-11-26 15:36:32,549 - ResourceCache: initialized (class org.apache.velocity.runtime.resource.ResourceCacheImpl) with class java.util.Collections$SynchronizedMap cache map.
2018-11-26 15:36:32,550 - Loaded System Directive: org.apache.velocity.runtime.directive.Define
2018-11-26 15:36:32,550 - Loaded System Directive: org.apache.velocity.runtime.directive.Break
2018-11-26 15:36:32,551 - Loaded System Directive: org.apache.velocity.runtime.directive.Evaluate
2018-11-26 15:36:32,551 - Loaded System Directive: org.apache.velocity.runtime.directive.Literal
2018-11-26 15:36:32,552 - Loaded System Directive: org.apache.velocity.runtime.directive.Macro
2018-11-26 15:36:32,553 - Loaded System Directive: org.apache.velocity.runtime.directive.Parse
2018-11-26 15:36:32,554 - Loaded System Directive: org.apache.velocity.runtime.directive.Include
2018-11-26 15:36:32,555 - Loaded System Directive: org.apache.velocity.runtime.directive.Foreach
2018-11-26 15:36:32,577 - Created '20' parsers.
2018-11-26 15:36:32,581 - Velocimacro : "velocimacro.library" is not set.  Trying default library: VM_global_library.vm
2018-11-26 15:36:32,581 - Velocimacro : Default library not found.
2018-11-26 15:36:32,581 - Velocimacro : allowInline = true : VMs can be defined inline in templates
2018-11-26 15:36:32,581 - Velocimacro : allowInlineToOverride = false : VMs defined inline may NOT replace previous VM definitions
2018-11-26 15:36:32,582 - Velocimacro : allowInlineLocal = false : VMs defined inline will be global in scope if allowed.
2018-11-26 15:36:32,582 - Velocimacro : autoload off : VM system will not automatically reload global library macros
2018-11-26 16:57:25,376 - Log4JLogChute initialized using file '/work/git-projects/PDDH/sigi_portal-web/pddh-sigi-portal/src/main/webapp/velocity.log'
2018-11-26 16:57:25,377 - Starting Apache Velocity v1.6.2 (compiled: 2009-02-19 16:29:46)
2018-11-26 16:57:25,377 - Default Properties File: org/apache/velocity/runtime/defaults/velocity.properties
2018-11-26 16:57:25,377 - Trying to use logger class org.apache.velocity.runtime.log.AvalonLogChute
2018-11-26 16:57:25,377 - Target log system for org.apache.velocity.runtime.log.AvalonLogChute is not available (java.lang.NoClassDefFoundError: org/apache/log/format/Formatter).  Falling back to next log system...
2018-11-26 16:57:25,377 - Trying to use logger class org.apache.velocity.runtime.log.Log4JLogChute
2018-11-26 16:57:25,377 - Using logger class org.apache.velocity.runtime.log.Log4JLogChute
2018-11-26 16:57:25,380 - ResourceLoader instantiated: org.apache.velocity.runtime.resource.loader.FileResourceLoader
2018-11-26 16:57:25,381 - Do unicode file recognition:  false
2018-11-26 16:57:25,381 - FileResourceLoader : adding path '/work/git-projects/PDDH/sigi_portal-web/pddh-sigi-portal/src/main/webapp'
2018-11-26 16:57:25,389 - ResourceCache: initialized (class org.apache.velocity.runtime.resource.ResourceCacheImpl) with class java.util.Collections$SynchronizedMap cache map.
2018-11-26 16:57:25,390 - Loaded System Directive: org.apache.velocity.runtime.directive.Define
2018-11-26 16:57:25,391 - Loaded System Directive: org.apache.velocity.runtime.directive.Break
2018-11-26 16:57:25,391 - Loaded System Directive: org.apache.velocity.runtime.directive.Evaluate
2018-11-26 16:57:25,392 - Loaded System Directive: org.apache.velocity.runtime.directive.Literal
2018-11-26 16:57:25,392 - Loaded System Directive: org.apache.velocity.runtime.directive.Macro
2018-11-26 16:57:25,393 - Loaded System Directive: org.apache.velocity.runtime.directive.Parse
2018-11-26 16:57:25,394 - Loaded System Directive: org.apache.velocity.runtime.directive.Include
2018-11-26 16:57:25,394 - Loaded System Directive: org.apache.velocity.runtime.directive.Foreach
2018-11-26 16:57:25,414 - Created '20' parsers.
2018-11-26 16:57:25,418 - Velocimacro : "velocimacro.library" is not set.  Trying default library: VM_global_library.vm
2018-11-26 16:57:25,418 - Velocimacro : Default library not found.
2018-11-26 16:57:25,418 - Velocimacro : allowInline = true : VMs can be defined inline in templates
2018-11-26 16:57:25,418 - Velocimacro : allowInlineToOverride = false : VMs defined inline may NOT replace previous VM definitions
2018-11-26 16:57:25,418 - Velocimacro : allowInlineLocal = false : VMs defined inline will be global in scope if allowed.
2018-11-26 16:57:25,418 - Velocimacro : autoload off : VM system will not automatically reload global library macros
2019-02-20 17:07:12,487 - Log4JLogChute initialized using file '/work/git-projects/pddh/sigi_portal-web/pddh-sigi-portal/src/main/webapp/velocity.log'
2019-02-20 17:07:12,488 - Starting Apache Velocity v1.6.2 (compiled: 2009-02-19 16:29:46)
2019-02-20 17:07:12,488 - Default Properties File: org/apache/velocity/runtime/defaults/velocity.properties
2019-02-20 17:07:12,488 - Trying to use logger class org.apache.velocity.runtime.log.AvalonLogChute
2019-02-20 17:07:12,488 - Target log system for org.apache.velocity.runtime.log.AvalonLogChute is not available (java.lang.NoClassDefFoundError: org/apache/log/format/Formatter).  Falling back to next log system...
2019-02-20 17:07:12,488 - Trying to use logger class org.apache.velocity.runtime.log.Log4JLogChute
2019-02-20 17:07:12,488 - Using logger class org.apache.velocity.runtime.log.Log4JLogChute
2019-02-20 17:07:12,493 - ResourceLoader instantiated: org.apache.velocity.runtime.resource.loader.FileResourceLoader
2019-02-20 17:07:12,494 - Do unicode file recognition:  false
2019-02-20 17:07:12,494 - FileResourceLoader : adding path '/work/git-projects/pddh/sigi_portal-web/pddh-sigi-portal/src/main/webapp'
2019-02-20 17:07:12,504 - ResourceCache: initialized (class org.apache.velocity.runtime.resource.ResourceCacheImpl) with class java.util.Collections$SynchronizedMap cache map.
2019-02-20 17:07:12,505 - Loaded System Directive: org.apache.velocity.runtime.directive.Define
2019-02-20 17:07:12,506 - Loaded System Directive: org.apache.velocity.runtime.directive.Break
2019-02-20 17:07:12,506 - Loaded System Directive: org.apache.velocity.runtime.directive.Evaluate
2019-02-20 17:07:12,507 - Loaded System Directive: org.apache.velocity.runtime.directive.Literal
2019-02-20 17:07:12,508 - Loaded System Directive: org.apache.velocity.runtime.directive.Macro
2019-02-20 17:07:12,509 - Loaded System Directive: org.apache.velocity.runtime.directive.Parse
2019-02-20 17:07:12,510 - Loaded System Directive: org.apache.velocity.runtime.directive.Include
2019-02-20 17:07:12,511 - Loaded System Directive: org.apache.velocity.runtime.directive.Foreach
2019-02-20 17:07:12,532 - Created '20' parsers.
2019-02-20 17:07:12,535 - Velocimacro : "velocimacro.library" is not set.  Trying default library: VM_global_library.vm
2019-02-20 17:07:12,535 - Velocimacro : Default library not found.
2019-02-20 17:07:12,535 - Velocimacro : allowInline = true : VMs can be defined inline in templates
2019-02-20 17:07:12,535 - Velocimacro : allowInlineToOverride = false : VMs defined inline may NOT replace previous VM definitions
2019-02-20 17:07:12,535 - Velocimacro : allowInlineLocal = false : VMs defined inline will be global in scope if allowed.
2019-02-20 17:07:12,535 - Velocimacro : autoload off : VM system will not automatically reload global library macros
